<?xml version="1.0" encoding="UTF-8"?>
<!-- Generated by org.testng.reporters.JUnitReportReporter -->
<testsuite hostname="Serdars-MBP" failures="0" tests="1" name="Tests.LoginPTest" time="5.732" errors="0" timestamp="25 Mar 2021 20:09:57 GMT" skipped="0">
  <testcase classname="Tests.LoginPTest" name="userCanLogin" time="5.732"/>
</testsuite> <!-- Tests.LoginPTest -->
